<?xml version="1.0" encoding="UTF-8"?>
<!-- Generated by org.testng.reporters.JUnitReportReporter -->
<testsuite hostname="DESKTOP-P2FC4JP" failures="0" tests="1" name="com.jticketing.testCases.EventWithEventImageTest" time="28.767" errors="0" timestamp="15 May 2020 19:28:06 GMT" skipped="0">
  <testcase classname="com.jticketing.testCases.EventWithEventImageTest" name="eventwithouttickettype" time="28.767"/>
</testsuite> <!-- com.jticketing.testCases.EventWithEventImageTest -->
