<?xml version="1.0" encoding="UTF-8"?>
<!-- Generated by org.testng.reporters.JUnitReportReporter -->
<testsuite hostname="LAPTOP-MFTDCFGC" failures="0" tests="1" name="com.jticketing.testCases.CreateEventPageTest" time="22.128" errors="0" timestamp="19 Jul 2020 09:49:41 GMT" skipped="0">
  <testcase classname="com.jticketing.testCases.CreateEventPageTest" name="eventcreation" time="22.128"/>
</testsuite> <!-- com.jticketing.testCases.CreateEventPageTest -->
