<?xml version="1.0" encoding="UTF-8"?>
<!-- Generated by org.testng.reporters.JUnitReportReporter -->
<testsuite hostname="LAPTOP-MFTDCFGC" failures="0" tests="1" name="com.jticketing.testCases.Event_AttendeeFieldTypesPageTest" time="0.000" errors="0" timestamp="19 Jul 2020 09:49:41 GMT" skipped="1">
  <testcase classname="com.jticketing.testCases.Event_AttendeeFieldTypesPageTest" name="eventcreation" time="0.000">
    <skipped/>
  </testcase> <!-- eventcreation -->
</testsuite> <!-- com.jticketing.testCases.Event_AttendeeFieldTypesPageTest -->
