<?xml version="1.0" encoding="UTF-8"?>
<!-- Generated by org.testng.reporters.JUnitReportReporter -->
<testsuite hostname="DESKTOP-P2FC4JP" failures="0" tests="1" name="com.jticketing.testCases.EventWithAttendeeFieldNotRequiredTest" time="22.199" errors="0" timestamp="15 May 2020 19:28:06 GMT" skipped="0">
  <testcase classname="com.jticketing.testCases.EventWithAttendeeFieldNotRequiredTest" name="eventcreation" time="22.199"/>
</testsuite> <!-- com.jticketing.testCases.EventWithAttendeeFieldNotRequiredTest -->
